The system is: Windows - 10.0.22621 - AMD64
Compiling the C compiler identification source file "CMakeCCompilerId.c" succeeded.
Compiler: D:/Programms/VS_Build_Tools/VC/Tools/MSVC/14.35.32215/bin/Hostx64/x64/cl.exe 
Build flags: 
Id flags:  

The output was:
0
Оптимизирующий компилятор Microsoft (R) C/C++ версии 19.35.32216.1 для x64
(C) Корпорация Майкрософт (Microsoft Corporation).  Все права защищены.

CMakeCCompilerId.c
Microsoft (R) Incremental Linker Version 14.35.32216.1
Copyright (C) Microsoft Corporation.  All rights reserved.

/out:CMakeCCompilerId.exe 
CMakeCCompilerId.obj 


Compilation of the C compiler identification source "CMakeCCompilerId.c" produced "CMakeCCompilerId.exe"

Compilation of the C compiler identification source "CMakeCCompilerId.c" produced "CMakeCCompilerId.obj"

The C compiler identification is MSVC, found in "C:/Users/Sasha/Desktop/Study/2 semestre/IT/lab2libbb/cmake-build-debug/CMakeFiles/3.25.2/CompilerIdC/CMakeCCompilerId.exe"

Compiling the CXX compiler identification source file "CMakeCXXCompilerId.cpp" succeeded.
Compiler: D:/Programms/VS_Build_Tools/VC/Tools/MSVC/14.35.32215/bin/Hostx64/x64/cl.exe 
Build flags: 
Id flags:  

The output was:
0
Оптимизирующий компилятор Microsoft (R) C/C++ версии 19.35.32216.1 для x64
(C) Корпорация Майкрософт (Microsoft Corporation).  Все права защищены.

CMakeCXXCompilerId.cpp
Microsoft (R) Incremental Linker Version 14.35.32216.1
Copyright (C) Microsoft Corporation.  All rights reserved.

/out:CMakeCXXCompilerId.exe 
CMakeCXXCompilerId.obj 


Compilation of the CXX compiler identification source "CMakeCXXCompilerId.cpp" produced "CMakeCXXCompilerId.exe"

Compilation of the CXX compiler identification source "CMakeCXXCompilerId.cpp" produced "CMakeCXXCompilerId.obj"

The CXX compiler identification is MSVC, found in "C:/Users/Sasha/Desktop/Study/2 semestre/IT/lab2libbb/cmake-build-debug/CMakeFiles/3.25.2/CompilerIdCXX/CMakeCXXCompilerId.exe"

Detecting C compiler ABI info compiled with the following output:
Change Dir: C:/Users/Sasha/Desktop/Study/2 semestre/IT/lab2libbb/cmake-build-debug/CMakeFiles/CMakeScratch/TryCompile-76awsr

Run Build Command(s):D:/Programms/CLion 2023.1.1/bin/ninja/win/x64/ninja.exe cmTC_ebe07 && [1/2] Building C object CMakeFiles\cmTC_ebe07.dir\CMakeCCompilerABI.c.obj
[2/2] Linking C executable cmTC_ebe07.exe



Detecting CXX compiler ABI info compiled with the following output:
Change Dir: C:/Users/Sasha/Desktop/Study/2 semestre/IT/lab2libbb/cmake-build-debug/CMakeFiles/CMakeScratch/TryCompile-ptdsi0

Run Build Command(s):D:/Programms/CLion 2023.1.1/bin/ninja/win/x64/ninja.exe cmTC_4b916 && [1/2] Building CXX object CMakeFiles\cmTC_4b916.dir\CMakeCXXCompilerABI.cpp.obj
[2/2] Linking CXX executable cmTC_4b916.exe



